#
# There is insufficient memory for the Java Runtime Environment to continue.
# Native memory allocation (malloc) failed to allocate 1716304 bytes for Chunk::new
# Possible reasons:
#   The system is out of physical RAM or swap space
#   The process is running with CompressedOops enabled, and the Java Heap may be blocking the growth of the native heap
# Possible solutions:
#   Reduce memory load on the system
#   Increase physical memory or swap space
#   Check if swap backing store is full
#   Decrease Java heap size (-Xmx/-Xms)
#   Decrease number of Java threads
#   Decrease Java thread stack sizes (-Xss)
#   Set larger code cache with -XX:ReservedCodeCacheSize=
#   JVM is running with Unscaled Compressed Oops mode in which the Java heap is
#     placed in the first 4GB address space. The Java Heap base address is the
#     maximum limit for the native heap growth. Please use -XX:HeapBaseMinAddress
#     to set the Java Heap base and to place the Java Heap above 4GB virtual address.
# This output file may be truncated or incomplete.
#
#  Out of Memory Error (allocation.cpp:389), pid=16520, tid=0x0000000000004234
#
# JRE version: OpenJDK Runtime Environment (8.0_242-b01) (build 1.8.0_242-release-1644-b01)
# Java VM: OpenJDK 64-Bit Server VM (25.242-b01 mixed mode windows-amd64 compressed oops)
# Failed to write core dump. Minidumps are not enabled by default on client versions of Windows
#

---------------  T H R E A D  ---------------

Current thread (0x0000000017f62000):  JavaThread "C2 CompilerThread0" daemon [_thread_in_native, id=16948, stack(0x00000000195b0000,0x00000000196b0000)]

Stack: [0x00000000195b0000,0x00000000196b0000]
[error occurred during error reporting (printing stack bounds), id 0xc0000005]

Native frames: (J=compiled Java code, j=interpreted, Vv=VM code, C=native code)


Current CompileTask:
C2:  41562 10866       4       org.gradle.api.internal.artifacts.transform.AttributeMatchingVariantSelector::doSelect (422 bytes)


---------------  P R O C E S S  ---------------

Java Threads: ( => current thread )
  0x000000001e253800 JavaThread "Cache worker for execution history cache (E:\GoldenCorner\.gradle\6.1.1\executionHistory)" [_thread_blocked, id=436, stack(0x00000000254e0000,0x00000000255e0000)]
  0x000000001e257800 JavaThread "Build operations Thread 4" [_thread_blocked, id=5624, stack(0x0000000023ce0000,0x0000000023de0000)]
  0x000000001e256000 JavaThread "Build operations Thread 3" [_thread_blocked, id=14492, stack(0x0000000023be0000,0x0000000023ce0000)]
  0x000000001e259000 JavaThread "Build operations Thread 2" [_thread_blocked, id=9696, stack(0x0000000023ae0000,0x0000000023be0000)]
  0x000000001e256800 JavaThread "Build operations" [_thread_blocked, id=9032, stack(0x00000000239e0000,0x0000000023ae0000)]
  0x000000001e258000 JavaThread "Cache worker for Build Output Cleanup Cache (E:\GoldenCorner\.gradle\buildOutputCleanup)" [_thread_blocked, id=11224, stack(0x0000000023470000,0x0000000023570000)]
  0x000000001bc2d000 JavaThread "Cache worker for execution history cache (C:\Users\Hossam\.gradle\caches\6.1.1\executionHistory)" [_thread_blocked, id=11372, stack(0x00000000217a0000,0x00000000218a0000)]
  0x000000001bc2b800 JavaThread "Cache worker for cache directory md-rule (C:\Users\Hossam\.gradle\caches\6.1.1\md-rule)" [_thread_blocked, id=14852, stack(0x0000000020270000,0x0000000020370000)]
  0x000000001bc2f800 JavaThread "Cache worker for cache directory md-supplier (C:\Users\Hossam\.gradle\caches\6.1.1\md-supplier)" [_thread_blocked, id=14540, stack(0x0000000020170000,0x0000000020270000)]
  0x000000001bc2a800 JavaThread "Cache worker for file hash cache (E:\GoldenCorner\.gradle\6.1.1\fileHashes)" [_thread_blocked, id=10032, stack(0x00000000204d0000,0x00000000205d0000)]
  0x000000001bc2e800 JavaThread "Cache worker for checksums cache (E:\GoldenCorner\.gradle\checksums)" [_thread_blocked, id=9228, stack(0x00000000203d0000,0x00000000204d0000)]
  0x000000001bc29000 JavaThread "Cache worker for file hash cache (C:\Users\Hossam\.gradle\caches\6.1.1\fileHashes)" [_thread_blocked, id=12320, stack(0x000000001dcd0000,0x000000001ddd0000)]
  0x000000001bc2a000 JavaThread "File lock request listener" [_thread_in_native, id=3044, stack(0x000000001dbd0000,0x000000001dcd0000)]
  0x000000001bd25800 JavaThread "Cache worker for journal cache (C:\Users\Hossam\.gradle\caches\journal-1)" [_thread_blocked, id=15328, stack(0x000000001dad0000,0x000000001dbd0000)]
  0x000000001ba2b800 JavaThread "Thread-9" [_thread_blocked, id=17136, stack(0x000000001d7d0000,0x000000001d8d0000)]
  0x000000001ba26000 JavaThread "Stdin handler" [_thread_blocked, id=2560, stack(0x000000001d6d0000,0x000000001d7d0000)]
  0x000000001ba25000 JavaThread "Asynchronous log dispatcher for DefaultDaemonConnection: socket connection from /127.0.0.1:54775 to /127.0.0.1:54776" [_thread_blocked, id=9716, stack(0x000000001d5d0000,0x000000001d6d0000)]
  0x000000001ba70800 JavaThread "Daemon worker" [_thread_in_vm, id=6180, stack(0x000000001d4d0000,0x000000001d5d0000)]
  0x000000001ba6e800 JavaThread "Cancel handler" [_thread_blocked, id=16656, stack(0x000000001d3d0000,0x000000001d4d0000)]
  0x000000001ba0e000 JavaThread "Handler for socket connection from /127.0.0.1:54775 to /127.0.0.1:54776" [_thread_in_native, id=13508, stack(0x000000001d0d0000,0x000000001d1d0000)]
  0x000000001b67a000 JavaThread "Daemon" [_thread_blocked, id=15936, stack(0x000000001cfd0000,0x000000001d0d0000)]
  0x000000001b9a3000 JavaThread "Daemon periodic checks" [_thread_blocked, id=15212, stack(0x000000001ced0000,0x000000001cfd0000)]
  0x000000001b9a7800 JavaThread "Incoming local TCP Connector on port 54775" [_thread_in_native, id=1984, stack(0x000000001cc90000,0x000000001cd90000)]
  0x000000001b984000 JavaThread "Daemon health stats" [_thread_blocked, id=10848, stack(0x000000001c650000,0x000000001c750000)]
  0x00000000198e6000 JavaThread "Service Thread" daemon [_thread_blocked, id=16984, stack(0x0000000019cb0000,0x0000000019db0000)]
  0x0000000017f7d000 JavaThread "C1 CompilerThread2" daemon [_thread_blocked, id=10916, stack(0x00000000197b0000,0x00000000198b0000)]
  0x0000000017f6e000 JavaThread "C2 CompilerThread1" daemon [_thread_in_native, id=11996, stack(0x00000000196b0000,0x00000000197b0000)]
=>0x0000000017f62000 JavaThread "C2 CompilerThread0" daemon [_thread_in_native, id=16948, stack(0x00000000195b0000,0x00000000196b0000)]
  0x0000000017f67800 JavaThread "Attach Listener" daemon [_thread_blocked, id=13428, stack(0x00000000194b0000,0x00000000195b0000)]
  0x0000000017f66800 JavaThread "Signal Dispatcher" daemon [_thread_blocked, id=17192, stack(0x00000000193b0000,0x00000000194b0000)]
  0x000000000333b800 JavaThread "Finalizer" daemon [_thread_blocked, id=17396, stack(0x00000000191b0000,0x00000000192b0000)]
  0x0000000017f49000 JavaThread "Reference Handler" daemon [_thread_blocked, id=14396, stack(0x00000000190b0000,0x00000000191b0000)]
  0x000000000188e000 JavaThread "main" [_thread_blocked, id=17216, stack(0x0000000003140000,0x0000000003240000)]

Other Threads:
  0x0000000017f26800 VMThread [stack: 0x0000000018fb0000,0x00000000190b0000] [id=17204]
  0x00000000198e6800 WatcherThread [stack: 0x0000000019db0000,0x0000000019eb0000] [id=14860]

VM state:not at safepoint (normal execution)

VM Mutex/Monitor currently owned by a thread: None

heap address: 0x0000000080000000, size: 2048 MB, Compressed Oops mode: 32-bit
Narrow klass base: 0x0000000000000000, Narrow klass shift: 3
Compressed class space size: 1073741824 Address: 0x0000000100000000

Heap:
 PSYoungGen      total 222208K, used 64326K [0x00000000d5580000, 0x00000000e7600000, 0x0000000100000000)
  eden space 200704K, 21% used [0x00000000d5580000,0x00000000d7f54608,0x00000000e1980000)
  from space 21504K, 99% used [0x00000000e1980000,0x00000000e2e7d5b0,0x00000000e2e80000)
  to   space 23040K, 0% used [0x00000000e5f80000,0x00000000e5f80000,0x00000000e7600000)
 ParOldGen       total 221184K, used 61975K [0x0000000080000000, 0x000000008d800000, 0x00000000d5580000)
  object space 221184K, 28% used [0x0000000080000000,0x0000000083c85f40,0x000000008d800000)
 Metaspace       used 84019K, capacity 87644K, committed 87856K, reserved 1124352K
  class space    used 11245K, capacity 12032K, committed 12080K, reserved 1048576K

Card table byte_map: [0x0000000012700000,0x0000000012b10000] byte_map_base: 0x0000000012300000

Marking Bits: (ParMarkBitMap*) 0x000000007464f030
 Begin Bits: [0x00000000131c0000, 0x00000000151c0000)
 End Bits:   [0x00000000151c0000, 0x00000000171c0000)

Polling page: 0x0000000001830000

CodeCache: size=245760Kb used=32195Kb max_used=32195Kb free=213564Kb
 bounds [0x0000000003340000, 0x00000000052d0000, 0x0000000012340000]
 total_blobs=10810 nmethods=9923 adapters=798
 compilation: enabled

Compilation events (10 events):
Event: 41.540 Thread 0x0000000017f7d000 11202       2       com.google.common.collect.AbstractMapBasedMultimap$AsMap::get (6 bytes)
Event: 41.540 Thread 0x0000000017f7d000 nmethod 11202 0x00000000052c9b10 code [0x00000000052c9ca0, 0x00000000052c9fa8]
Event: 41.542 Thread 0x0000000017f7d000 11203       2       org.gradle.internal.resources.AbstractTrackedResourceLock::unlock (61 bytes)
Event: 41.544 Thread 0x0000000017f7d000 nmethod 11203 0x00000000052ca1d0 code [0x00000000052ca400, 0x00000000052cab88]
Event: 41.544 Thread 0x0000000017f7d000 11204       2       org.gradle.internal.resources.AbstractResourceLockRegistry$3::execute (9 bytes)
Event: 41.544 Thread 0x0000000017f7d000 nmethod 11204 0x00000000052cb350 code [0x00000000052cb4c0, 0x00000000052cb6d8]
Event: 41.544 Thread 0x0000000017f7d000 11206       2       com.google.common.collect.ImmutableMapEntry$NonTerminalImmutableMapEntry::<init> (12 bytes)
Event: 41.544 Thread 0x0000000017f7d000 nmethod 11206 0x00000000052cb850 code [0x00000000052cb9c0, 0x00000000052cbba8]
Event: 41.544 Thread 0x0000000017f7d000 11205       2       org.gradle.internal.resources.AbstractResourceLockRegistry$3::execute (9 bytes)
Event: 41.545 Thread 0x0000000017f7d000 nmethod 11205 0x00000000052cbc90 code [0x00000000052cbe00, 0x00000000052cbfb8]

GC Heap History (10 events):
Event: 19.337 GC heap before
{Heap before GC invocations=12 (full 2):
 PSYoungGen      total 183808K, used 93352K [0x00000000d5580000, 0x00000000e4000000, 0x0000000100000000)
  eden space 171520K, 47% used [0x00000000d5580000,0x00000000da4aee00,0x00000000dfd00000)
  from space 12288K, 99% used [0x00000000dfd00000,0x00000000e08fb310,0x00000000e0900000)
  to   space 17920K, 0% used [0x00000000e2e80000,0x00000000e2e80000,0x00000000e4000000)
 ParOldGen       total 149504K, used 26714K [0x0000000080000000, 0x0000000089200000, 0x00000000d5580000)
  object space 149504K, 17% used [0x0000000080000000,0x0000000081a16890,0x0000000089200000)
 Metaspace       used 57080K, capacity 59092K, committed 59160K, reserved 1099776K
  class space    used 7510K, capacity 8052K, committed 8112K, reserved 1048576K
Event: 19.420 GC heap after
Heap after GC invocations=12 (full 2):
 PSYoungGen      total 218624K, used 17889K [0x00000000d5580000, 0x00000000e5d80000, 0x0000000100000000)
  eden space 200704K, 0% used [0x00000000d5580000,0x00000000d5580000,0x00000000e1980000)
  from space 17920K, 99% used [0x00000000e2e80000,0x00000000e3ff8728,0x00000000e4000000)
  to   space 21504K, 0% used [0x00000000e1980000,0x00000000e1980000,0x00000000e2e80000)
 ParOldGen       total 149504K, used 30073K [0x0000000080000000, 0x0000000089200000, 0x00000000d5580000)
  object space 149504K, 20% used [0x0000000080000000,0x0000000081d5e7e8,0x0000000089200000)
 Metaspace       used 57080K, capacity 59092K, committed 59160K, reserved 1099776K
  class space    used 7510K, capacity 8052K, committed 8112K, reserved 1048576K
}
Event: 19.420 GC heap before
{Heap before GC invocations=13 (full 3):
 PSYoungGen      total 218624K, used 17889K [0x00000000d5580000, 0x00000000e5d80000, 0x0000000100000000)
  eden space 200704K, 0% used [0x00000000d5580000,0x00000000d5580000,0x00000000e1980000)
  from space 17920K, 99% used [0x00000000e2e80000,0x00000000e3ff8728,0x00000000e4000000)
  to   space 21504K, 0% used [0x00000000e1980000,0x00000000e1980000,0x00000000e2e80000)
 ParOldGen       total 149504K, used 30073K [0x0000000080000000, 0x0000000089200000, 0x00000000d5580000)
  object space 149504K, 20% used [0x0000000080000000,0x0000000081d5e7e8,0x0000000089200000)
 Metaspace       used 57080K, capacity 59092K, committed 59160K, reserved 1099776K
  class space    used 7510K, capacity 8052K, committed 8112K, reserved 1048576K
Event: 20.002 GC heap after
Heap after GC invocations=13 (full 3):
 PSYoungGen      total 218624K, used 0K [0x00000000d5580000, 0x00000000e5d80000, 0x0000000100000000)
  eden space 200704K, 0% used [0x00000000d5580000,0x00000000d5580000,0x00000000e1980000)
  from space 17920K, 0% used [0x00000000e2e80000,0x00000000e2e80000,0x00000000e4000000)
  to   space 21504K, 0% used [0x00000000e1980000,0x00000000e1980000,0x00000000e2e80000)
 ParOldGen       total 221184K, used 36725K [0x0000000080000000, 0x000000008d800000, 0x00000000d5580000)
  object space 221184K, 16% used [0x0000000080000000,0x00000000823dd540,0x000000008d800000)
 Metaspace       used 57019K, capacity 58940K, committed 59160K, reserved 1099776K
  class space    used 7495K, capacity 8032K, committed 8112K, reserved 1048576K
}
Event: 26.014 GC heap before
{Heap before GC invocations=14 (full 3):
 PSYoungGen      total 218624K, used 200704K [0x00000000d5580000, 0x00000000e5d80000, 0x0000000100000000)
  eden space 200704K, 100% used [0x00000000d5580000,0x00000000e1980000,0x00000000e1980000)
  from space 17920K, 0% used [0x00000000e2e80000,0x00000000e2e80000,0x00000000e4000000)
  to   space 21504K, 0% used [0x00000000e1980000,0x00000000e1980000,0x00000000e2e80000)
 ParOldGen       total 221184K, used 36725K [0x0000000080000000, 0x000000008d800000, 0x00000000d5580000)
  object space 221184K, 16% used [0x0000000080000000,0x00000000823dd540,0x000000008d800000)
 Metaspace       used 67918K, capacity 70538K, committed 70832K, reserved 1110016K
  class space    used 9198K, capacity 9809K, committed 9904K, reserved 1048576K
Event: 26.091 GC heap after
Heap after GC invocations=14 (full 3):
 PSYoungGen      total 222208K, used 18247K [0x00000000d5580000, 0x00000000e7600000, 0x0000000100000000)
  eden space 200704K, 0% used [0x00000000d5580000,0x00000000d5580000,0x00000000e1980000)
  from space 21504K, 84% used [0x00000000e1980000,0x00000000e2b51ea0,0x00000000e2e80000)
  to   space 23040K, 0% used [0x00000000e5f80000,0x00000000e5f80000,0x00000000e7600000)
 ParOldGen       total 221184K, used 36733K [0x0000000080000000, 0x000000008d800000, 0x00000000d5580000)
  object space 221184K, 16% used [0x0000000080000000,0x00000000823df540,0x000000008d800000)
 Metaspace       used 67918K, capacity 70538K, committed 70832K, reserved 1110016K
  class space    used 9198K, capacity 9809K, committed 9904K, reserved 1048576K
}
Event: 36.052 GC heap before
{Heap before GC invocations=15 (full 3):
 PSYoungGen      total 222208K, used 218951K [0x00000000d5580000, 0x00000000e7600000, 0x0000000100000000)
  eden space 200704K, 100% used [0x00000000d5580000,0x00000000e1980000,0x00000000e1980000)
  from space 21504K, 84% used [0x00000000e1980000,0x00000000e2b51ea0,0x00000000e2e80000)
  to   space 23040K, 0% used [0x00000000e5f80000,0x00000000e5f80000,0x00000000e7600000)
 ParOldGen       total 221184K, used 36733K [0x0000000080000000, 0x000000008d800000, 0x00000000d5580000)
  object space 221184K, 16% used [0x0000000080000000,0x00000000823df540,0x000000008d800000)
 Metaspace       used 77897K, capacity 81152K, committed 81456K, reserved 1120256K
  class space    used 10486K, capacity 11235K, committed 11312K, reserved 1048576K
Event: 36.149 GC heap after
Heap after GC invocations=15 (full 3):
 PSYoungGen      total 223744K, used 23009K [0x00000000d5580000, 0x00000000e7600000, 0x0000000100000000)
  eden space 200704K, 0% used [0x00000000d5580000,0x00000000d5580000,0x00000000e1980000)
  from space 23040K, 99% used [0x00000000e5f80000,0x00000000e75f87a0,0x00000000e7600000)
  to   space 21504K, 0% used [0x00000000e1980000,0x00000000e1980000,0x00000000e2e80000)
 ParOldGen       total 221184K, used 43080K [0x0000000080000000, 0x000000008d800000, 0x00000000d5580000)
  object space 221184K, 19% used [0x0000000080000000,0x0000000082a12030,0x000000008d800000)
 Metaspace       used 77897K, capacity 81152K, committed 81456K, reserved 1120256K
  class space    used 10486K, capacity 11235K, committed 11312K, reserved 1048576K
}
Event: 40.611 GC heap before
{Heap before GC invocations=16 (full 3):
 PSYoungGen      total 223744K, used 223713K [0x00000000d5580000, 0x00000000e7600000, 0x0000000100000000)
  eden space 200704K, 100% used [0x00000000d5580000,0x00000000e1980000,0x00000000e1980000)
  from space 23040K, 99% used [0x00000000e5f80000,0x00000000e75f87a0,0x00000000e7600000)
  to   space 21504K, 0% used [0x00000000e1980000,0x00000000e1980000,0x00000000e2e80000)
 ParOldGen       total 221184K, used 43080K [0x0000000080000000, 0x000000008d800000, 0x00000000d5580000)
  object space 221184K, 19% used [0x0000000080000000,0x0000000082a12030,0x000000008d800000)
 Metaspace       used 83773K, capacity 87398K, committed 87600K, reserved 1124352K
  class space    used 11219K, capacity 11997K, committed 12080K, reserved 1048576K
Event: 40.724 GC heap after
Heap after GC invocations=16 (full 3):
 PSYoungGen      total 222208K, used 21493K [0x00000000d5580000, 0x00000000e7600000, 0x0000000100000000)
  eden space 200704K, 0% used [0x00000000d5580000,0x00000000d5580000,0x00000000e1980000)
  from space 21504K, 99% used [0x00000000e1980000,0x00000000e2e7d5b0,0x00000000e2e80000)
  to   space 23040K, 0% used [0x00000000e5f80000,0x00000000e5f80000,0x00000000e7600000)
 ParOldGen       total 221184K, used 61975K [0x0000000080000000, 0x000000008d800000, 0x00000000d5580000)
  object space 221184K, 28% used [0x0000000080000000,0x0000000083c85f40,0x000000008d800000)
 Metaspace       used 83773K, capacity 87398K, committed 87600K, reserved 1124352K
  class space    used 11219K, capacity 11997K, committed 12080K, reserved 1048576K
}

Deoptimization events (10 events):
Event: 39.519 Thread 0x000000001e257800 Uncommon trap: reason=bimorphic action=maybe_recompile pc=0x0000000004f05f4c method=org.gradle.internal.snapshot.SnapshotUtil.getSnapshotFromChild(Lorg/gradle/internal/snapshot/FileSystemNode;Lorg/gradle/internal/snapshot/VfsRelativePath;Lorg/gradle/inter
Event: 39.519 Thread 0x000000001e257800 Uncommon trap: reason=class_check action=maybe_recompile pc=0x0000000005088068 method=org.gradle.api.internal.artifacts.transform.DefaultTransformerInvocationFactory.createInvocation(Lorg/gradle/api/internal/artifacts/transform/Transformer;Ljava/io/File;L
Event: 39.538 Thread 0x000000001ba70800 Uncommon trap: reason=class_check action=maybe_recompile pc=0x00000000036ac57c method=com.google.common.cache.LocalCache$Segment.get(Ljava/lang/Object;I)Ljava/lang/Object; @ 49
Event: 39.665 Thread 0x000000001bc2d000 Uncommon trap: reason=unstable_if action=reinterpret pc=0x00000000049a6a24 method=com.esotericsoftware.kryo.io.Input.readVarInt(Z)I @ 42
Event: 39.665 Thread 0x000000001bc2d000 Uncommon trap: reason=unstable_if action=reinterpret pc=0x0000000003a945dc method=com.esotericsoftware.kryo.io.Input.readUtf8(I)V @ 79
Event: 39.688 Thread 0x000000001bc2d000 Uncommon trap: reason=unstable_if action=reinterpret pc=0x00000000046425f0 method=com.esotericsoftware.kryo.io.Input.readVarInt(Z)I @ 42
Event: 41.234 Thread 0x000000001ba70800 Uncommon trap: reason=class_check action=maybe_recompile pc=0x00000000036ac57c method=com.google.common.cache.LocalCache$Segment.get(Ljava/lang/Object;I)Ljava/lang/Object; @ 49
Event: 41.235 Thread 0x000000001ba70800 Uncommon trap: reason=class_check action=maybe_recompile pc=0x00000000036ac57c method=com.google.common.cache.LocalCache$Segment.get(Ljava/lang/Object;I)Ljava/lang/Object; @ 49
Event: 41.235 Thread 0x000000001ba70800 Uncommon trap: reason=class_check action=maybe_recompile pc=0x00000000036ac57c method=com.google.common.cache.LocalCache$Segment.get(Ljava/lang/Object;I)Ljava/lang/Object; @ 49
Event: 41.538 Thread 0x000000001e256800 Uncommon trap: reason=unstable_if action=reinterpret pc=0x00000000049590c0 method=java.util.concurrent.locks.ReentrantLock$Sync.nonfairTryAcquire(I)Z @ 19

Classes redefined (0 events):
No events

Internal exceptions (10 events):
Event: 38.877 Thread 0x000000001ba70800 Exception <a 'java/lang/ClassNotFoundException': java/lang/SystemCustomizer> (0x00000000dd4e6b60) thrown at [C:\src\AOSP-openjdk-git\hotspot\src\share\vm\classfile\systemDictionary.cpp, line 210]
Event: 38.902 Thread 0x000000001ba70800 Exception <a 'java/lang/ClassNotFoundException': org/gradle/api/tasks/SourceSetBeanInfo> (0x00000000dd5a0460) thrown at [C:\src\AOSP-openjdk-git\hotspot\src\share\vm\classfile\systemDictionary.cpp, line 210]
Event: 38.904 Thread 0x000000001ba70800 Exception <a 'java/lang/ClassNotFoundException': org/gradle/api/tasks/SourceSetCustomizer> (0x00000000dd5c4230) thrown at [C:\src\AOSP-openjdk-git\hotspot\src\share\vm\classfile\systemDictionary.cpp, line 210]
Event: 38.908 Thread 0x000000001ba70800 Exception <a 'java/lang/ClassNotFoundException': java/util/LinkedHashMapBeanInfo> (0x00000000dd64bab8) thrown at [C:\src\AOSP-openjdk-git\hotspot\src\share\vm\classfile\systemDictionary.cpp, line 210]
Event: 38.909 Thread 0x000000001ba70800 Exception <a 'java/lang/ClassNotFoundException': java/util/HashMapBeanInfo> (0x00000000dd654480) thrown at [C:\src\AOSP-openjdk-git\hotspot\src\share\vm\classfile\systemDictionary.cpp, line 210]
Event: 38.909 Thread 0x000000001ba70800 Exception <a 'java/lang/ClassNotFoundException': java/util/AbstractMapBeanInfo> (0x00000000dd65e038) thrown at [C:\src\AOSP-openjdk-git\hotspot\src\share\vm\classfile\systemDictionary.cpp, line 210]
Event: 38.910 Thread 0x000000001ba70800 Exception <a 'java/lang/ClassNotFoundException': java/util/AbstractMapCustomizer> (0x00000000dd667cf0) thrown at [C:\src\AOSP-openjdk-git\hotspot\src\share\vm\classfile\systemDictionary.cpp, line 210]
Event: 38.914 Thread 0x000000001ba70800 Exception <a 'java/lang/ClassNotFoundException': java/util/HashMapCustomizer> (0x00000000dd67d6e0) thrown at [C:\src\AOSP-openjdk-git\hotspot\src\share\vm\classfile\systemDictionary.cpp, line 210]
Event: 38.915 Thread 0x000000001ba70800 Exception <a 'java/lang/ClassNotFoundException': java/util/LinkedHashMapCustomizer> (0x00000000dd6a31c0) thrown at [C:\src\AOSP-openjdk-git\hotspot\src\share\vm\classfile\systemDictionary.cpp, line 210]
Event: 39.427 Thread 0x000000001ba70800 Exception <a 'java/lang/reflect/InvocationTargetException'> (0x00000000de565fd0) thrown at [C:\src\AOSP-openjdk-git\hotspot\src\share\vm\runtime\reflection.cpp, line 1092]

Events (10 events):
Event: 41.553 loading class com/android/utils/Pair
Event: 41.553 loading class com/android/utils/Pair done
Event: 41.555 loading class com/android/build/gradle/internal/ide/AndroidArtifactImpl
Event: 41.555 loading class com/android/build/gradle/internal/ide/AndroidArtifactImpl done
Event: 41.557 loading class com/android/build/gradle/internal/ide/BaseArtifactImpl
Event: 41.557 loading class com/android/build/gradle/internal/ide/BaseArtifactImpl done
Event: 41.559 loading class org/gradle/api/file/RegularFile
Event: 41.559 loading class org/gradle/api/file/RegularFile done
Event: 41.561 loading class org/gradle/api/internal/tasks/properties/GetOutputFilesVisitor
Event: 41.561 loading class org/gradle/api/internal/tasks/properties/GetOutputFilesVisitor done


Dynamic libraries:
0x00007ff6f2420000 - 0x00007ff6f2451000 	C:\Program Files\Android\Android Studio\jre\bin\java.exe
0x00007ffbe3f20000 - 0x00007ffbe4110000 	C:\Windows\SYSTEM32\ntdll.dll
0x00007ffbe2b90000 - 0x00007ffbe2c42000 	C:\Windows\System32\KERNEL32.DLL
0x00007ffbe1080000 - 0x00007ffbe1325000 	C:\Windows\System32\KERNELBASE.dll
0x00007ffbe1fd0000 - 0x00007ffbe2073000 	C:\Windows\System32\ADVAPI32.dll
0x00007ffbe3820000 - 0x00007ffbe38be000 	C:\Windows\System32\msvcrt.dll
0x00007ffbe3150000 - 0x00007ffbe31e7000 	C:\Windows\System32\sechost.dll
0x00007ffbe3520000 - 0x00007ffbe3640000 	C:\Windows\System32\RPCRT4.dll
0x00007ffbe2120000 - 0x00007ffbe22b4000 	C:\Windows\System32\USER32.dll
0x00007ffbe0fa0000 - 0x00007ffbe0fc1000 	C:\Windows\System32\win32u.dll
0x00007ffbe34f0000 - 0x00007ffbe3516000 	C:\Windows\System32\GDI32.dll
0x00007ffbe1bc0000 - 0x00007ffbe1d56000 	C:\Windows\System32\gdi32full.dll
0x00007ffbe1f30000 - 0x00007ffbe1fce000 	C:\Windows\System32\msvcp_win.dll
0x00007ffbe1330000 - 0x00007ffbe142a000 	C:\Windows\System32\ucrtbase.dll
0x00007ffbd2780000 - 0x00007ffbd2a04000 	C:\Windows\WinSxS\amd64_microsoft.windows.common-controls_6595b64144ccf1df_6.0.18362.1198_none_9e820b57e45ad92f\COMCTL32.dll
0x00007ffbe3b40000 - 0x00007ffbe3e75000 	C:\Windows\System32\combase.dll
0x00007ffbe1eb0000 - 0x00007ffbe1f30000 	C:\Windows\System32\bcryptPrimitives.dll
0x00007ffbe37f0000 - 0x00007ffbe381e000 	C:\Windows\System32\IMM32.DLL
0x0000000073bf0000 - 0x0000000073cc2000 	C:\Program Files\Android\Android Studio\jre\jre\bin\msvcr100.dll
0x0000000073e80000 - 0x00000000746cb000 	C:\Program Files\Android\Android Studio\jre\jre\bin\server\jvm.dll
0x00007ffbe38c0000 - 0x00007ffbe38c8000 	C:\Windows\System32\PSAPI.DLL
0x00007ffbd6160000 - 0x00007ffbd6169000 	C:\Windows\SYSTEM32\WSOCK32.dll
0x00007ffbde090000 - 0x00007ffbde0b4000 	C:\Windows\SYSTEM32\WINMM.dll
0x00007ffbe3480000 - 0x00007ffbe34ef000 	C:\Windows\System32\WS2_32.dll
0x00007ffbd19b0000 - 0x00007ffbd19ba000 	C:\Windows\SYSTEM32\VERSION.dll
0x00007ffbddf80000 - 0x00007ffbddfad000 	C:\Windows\SYSTEM32\WINMMBASE.dll
0x00007ffbe0f50000 - 0x00007ffbe0f9a000 	C:\Windows\System32\cfgmgr32.dll
0x00007ffbde4c0000 - 0x00007ffbde4cf000 	C:\Program Files\Android\Android Studio\jre\jre\bin\verify.dll
0x00007ffbd9810000 - 0x00007ffbd9839000 	C:\Program Files\Android\Android Studio\jre\jre\bin\java.dll
0x00007ffbd5c80000 - 0x00007ffbd5c96000 	C:\Program Files\Android\Android Studio\jre\jre\bin\zip.dll
0x00007ffbe2390000 - 0x00007ffbe2a77000 	C:\Windows\System32\SHELL32.dll
0x00007ffbe3a10000 - 0x00007ffbe3ab9000 	C:\Windows\System32\shcore.dll
0x00007ffbe1430000 - 0x00007ffbe1bb1000 	C:\Windows\System32\windows.storage.dll
0x00007ffbe0e70000 - 0x00007ffbe0e93000 	C:\Windows\System32\profapi.dll
0x00007ffbe0e20000 - 0x00007ffbe0e6a000 	C:\Windows\System32\powrprof.dll
0x00007ffbe0dd0000 - 0x00007ffbe0de0000 	C:\Windows\System32\UMPDC.dll
0x00007ffbe2a80000 - 0x00007ffbe2ad2000 	C:\Windows\System32\shlwapi.dll
0x00007ffbe0de0000 - 0x00007ffbe0df1000 	C:\Windows\System32\kernel.appcore.dll
0x00007ffbe1000000 - 0x00007ffbe1017000 	C:\Windows\System32\cryptsp.dll
0x00007ffbd5c60000 - 0x00007ffbd5c7a000 	C:\Program Files\Android\Android Studio\jre\jre\bin\net.dll
0x00007ffbe0620000 - 0x00007ffbe0687000 	C:\Windows\system32\mswsock.dll
0x00007ffbd58f0000 - 0x00007ffbd5903000 	C:\Program Files\Android\Android Studio\jre\jre\bin\nio.dll
0x00007ffbd9930000 - 0x00007ffbd9956000 	C:\Users\Hossam\.gradle\native\31\windows-amd64\native-platform.dll
0x00007ffbd9800000 - 0x00007ffbd980d000 	C:\Program Files\Android\Android Studio\jre\jre\bin\management.dll
0x00007ffbe0190000 - 0x00007ffbe01c3000 	C:\Windows\system32\rsaenh.dll
0x00007ffbe0fd0000 - 0x00007ffbe0ff6000 	C:\Windows\System32\bcrypt.dll
0x00007ffbe0cb0000 - 0x00007ffbe0cd5000 	C:\Windows\SYSTEM32\USERENV.dll
0x00007ffbe07f0000 - 0x00007ffbe07fc000 	C:\Windows\SYSTEM32\CRYPTBASE.dll
0x00007ffbe0330000 - 0x00007ffbe036a000 	C:\Windows\SYSTEM32\IPHLPAPI.DLL
0x00007ffbe3140000 - 0x00007ffbe3148000 	C:\Windows\System32\NSI.dll
0x00007ffbd92b0000 - 0x00007ffbd92c6000 	C:\Windows\SYSTEM32\dhcpcsvc6.DLL
0x00007ffbd9260000 - 0x00007ffbd927c000 	C:\Windows\SYSTEM32\dhcpcsvc.DLL
0x00007ffbe0370000 - 0x00007ffbe043b000 	C:\Windows\SYSTEM32\DNSAPI.dll
0x00007ffbd9c10000 - 0x00007ffbd9c34000 	C:\Program Files\Android\Android Studio\jre\jre\bin\sunec.dll
0x0000000074d60000 - 0x0000000074d86000 	C:\Program Files\Bonjour\mdnsNSP.dll
0x00007ffbd5db0000 - 0x00007ffbd5dba000 	C:\Windows\System32\rasadhlp.dll
0x00007ffbd7170000 - 0x00007ffbd71e7000 	C:\Windows\System32\fwpuclnt.dll
0x00007ffbdbb30000 - 0x00007ffbdbb3b000 	C:\Program Files\Android\Android Studio\jre\jre\bin\sunmscapi.dll
0x00007ffbe1d60000 - 0x00007ffbe1ea9000 	C:\Windows\System32\CRYPT32.dll
0x00007ffbe0e00000 - 0x00007ffbe0e12000 	C:\Windows\System32\MSASN1.dll

VM Arguments:
jvm_args: -Xmx2048m -Dfile.encoding=windows-1252 -Duser.country=US -Duser.language=en -Duser.variant 
java_command: org.gradle.launcher.daemon.bootstrap.GradleDaemon 6.1.1
java_class_path (initial): C:\Users\Hossam\.gradle\wrapper\dists\gradle-6.1.1-all\cfmwm155h49vnt3hynmlrsdst\gradle-6.1.1\lib\gradle-launcher-6.1.1.jar
Launcher Type: SUN_STANDARD

Environment Variables:
PATH=C:\Program Files (x86)\Common Files\Oracle\Java\javapath;C:\Windows\system32;C:\Windows;C:\Windows\System32\Wbem;C:\Windows\System32\WindowsPowerShell\v1.0\;C:\Windows\System32\OpenSSH\;C:\Program Files\Git\cmd;C:\Users\Hossam\AppData\Local\Android\Sdk\platform-tools;E:\xampp\htdocs;C:\Program Files\nodejs\;C:\Program Files\Microsoft SQL Server\Client SDK\ODBC\170\Tools\Binn\;C:\Program Files (x86)\Microsoft SQL Server\150\Tools\Binn\;C:\Program Files\Microsoft SQL Server\150\Tools\Binn\;C:\Program Files\Microsoft SQL Server\150\DTS\Binn\;C:\Users\Hossam\anaconda3;C:\Users\Hossam\anaconda3\Library\mingw-w64\bin;C:\Users\Hossam\anaconda3\Library\usr\bin;C:\Users\Hossam\anaconda3\Library\bin;C:\Users\Hossam\anaconda3\Scripts;C:\Users\Hossam\AppData\Local\Programs\Python\Python38\Scripts\;C:\Users\Hossam\AppData\Local\Programs\Python\Python38\;C:\Users\Hossam\AppData\Local\Microsoft\WindowsApps;E:\xampp\php;C:\Users\Hossam\composer;C:\Users\Hossam\AppData\Roaming\Composer\vendor\bin;C:\Users\Hossam\AppData\Roaming\npm;C:\Users\Hossam\AppData\Local\GitHubDesktop\bin
USERNAME=Hossam
OS=Windows_NT
PROCESSOR_IDENTIFIER=Intel64 Family 6 Model 69 Stepping 1, GenuineIntel



---------------  S Y S T E M  ---------------

OS: Windows 10.0 , 64 bit Build 18362 (10.0.18362.1110)

CPU:total 4 (initial active 4) (2 cores per cpu, 2 threads per core) family 6 model 69 stepping 1, cmov, cx8, fxsr, mmx, sse, sse2, sse3, ssse3, sse4.1, sse4.2, popcnt, avx, avx2, aes, clmul, erms, lzcnt, ht, tsc, tscinvbit, bmi1, bmi2

Memory: 4k page, physical 16646252k(4700552k free), swap 25606248k(8260k free)

vm_info: OpenJDK 64-Bit Server VM (25.242-b01) for windows-amd64 JRE (1.8.0_242-release-1644-b01), built by "builder" with MS VC++ 10.0 (VS2010)

time: Mon Nov 23 14:58:58 2020
timezone: Egypt Standard Time
elapsed time: 41 seconds (0d 0h 0m 41s)

